This file contains any messages produced by compilers while
running configure, to aid debugging if configure makes a mistake.

It was created by LHAPDF configure 6.5.4, which was
generated by GNU Autoconf 2.71.  Invocation command line was

  $ ./configure --prefix=/u/home/thayward/clas12_analysis_software/LHAPDF/

## --------- ##
## Platform. ##
## --------- ##

hostname = ifarm1901.jlab.org
uname -m = x86_64
uname -r = 3.10.0-1160.88.1.el7.x86_64
uname -s = Linux
uname -v = #1 SMP Tue Mar 7 15:41:52 UTC 2023

/usr/bin/uname -p = x86_64
/bin/uname -X     = unknown

/bin/arch              = x86_64
/usr/bin/arch -k       = unknown
/usr/convex/getsysinfo = unknown
/usr/bin/hostinfo      = unknown
/bin/machine           = unknown
/usr/bin/oslevel       = unknown
/bin/universe          = unknown

PATH: /apps/singularity/3.7.1/bin/
PATH: /apps/groovy/PRO/bin/
PATH: /site/12gev_phys/2.4/Linux_CentOS7.9.2009-gcc9.2.0/root/6.20.04/bin/
PATH: /site/12gev_phys/2.4/Linux_CentOS7.9.2009-gcc9.2.0/qt/5.10.1/5.10.1/gcc_64/bin/
PATH: /site/12gev_phys/2.4/Linux_CentOS7.9.2009-gcc9.2.0/mysql/bin/
PATH: /site/12gev_phys/2.4/Linux_CentOS7.9.2009-gcc9.2.0/gemc/2.8/
PATH: /site/12gev_phys/2.4/Linux_CentOS7.9.2009-gcc9.2.0/geant4/4.10.06.p02/bin/
PATH: /site/12gev_phys/2.4/Linux_CentOS7.9.2009-gcc9.2.0/evio/5.1/bin/
PATH: /site/12gev_phys/2.4/Linux_CentOS7.9.2009-gcc9.2.0/clhep/2.4.1.3/bin/
PATH: /site/12gev_phys/2.4/Linux_CentOS7.9.2009-gcc9.2.0/ccdb/ccdb-1.07.00/bin/
PATH: /site/12gev_phys/2.4/Linux_CentOS7.9.2009-gcc9.2.0/banks/1.6/bin/
PATH: /site/12gev_phys/2.4/ce/
PATH: /apps/gcc/9.2.0/bin/
PATH: /apps/cmake/3.19.4/bin/
PATH: /usr/lib64/qt-3.3/bin/
PATH: /usr/local/bin/
PATH: /usr/bin/
PATH: /usr/local/sbin/
PATH: /usr/sbin/
PATH: /opt/puppetlabs/bin/


## ----------- ##
## Core tests. ##
## ----------- ##

configure:2838: looking for aux files: config.guess config.sub ltmain.sh compile missing install-sh
configure:2851:  trying ./config/
configure:2880:   ./config/config.guess found
configure:2880:   ./config/config.sub found
configure:2880:   ./config/ltmain.sh found
configure:2880:   ./config/compile found
configure:2880:   ./config/missing found
configure:2862:   ./config/install-sh found
configure:3014: checking for a BSD-compatible install
configure:3087: result: /usr/bin/install -c
configure:3098: checking whether build environment is sane
configure:3153: result: yes
configure:3312: checking for a race-free mkdir -p
configure:3356: result: /usr/bin/mkdir -p
configure:3363: checking for gawk
configure:3384: found /usr/bin/gawk
configure:3395: result: gawk
configure:3406: checking whether make sets $(MAKE)
configure:3429: result: yes
configure:3459: checking whether make supports nested variables
configure:3477: result: yes
configure:3625: checking whether make supports nested variables
configure:3643: result: yes
configure:3718: checking for sw_vers
configure:3753: result: no
configure:3828: checking whether make supports the include directive
configure:3843: make -f confmf.GNU && cat confinc.out
this is the am__doit target
configure:3846: $? = 0
configure:3865: result: yes (GNU style)
configure:3891: checking whether to compile using MPI
configure:3898: result: no
configure:4139: checking for C++ compiler version
configure:4148: g++ --version >&5
g++ (GCC) 9.2.0
Copyright (C) 2019 Free Software Foundation, Inc.
This is free software; see the source for copying conditions.  There is NO
warranty; not even for MERCHANTABILITY or FITNESS FOR A PARTICULAR PURPOSE.

configure:4159: $? = 0
configure:4148: g++ -v >&5
Using built-in specs.
COLLECT_GCC=g++
COLLECT_LTO_WRAPPER=/u/apps/gcc/9.2.0/bin/../libexec/gcc/x86_64-pc-linux-gnu/9.2.0/lto-wrapper
Target: x86_64-pc-linux-gnu
Configured with: ../gcc-9.2.0/configure --prefix=/apps/gcc/9.2.0 --with-gmp=/apps/gmp --with-mpfr=/apps/mpfr --with-mpc=/apps/mpc --with-isl=/apps/isl/0.16 --enable-languages=c,c++,fortran
Thread model: posix
gcc version 9.2.0 (GCC) 
configure:4159: $? = 0
configure:4148: g++ -V >&5
g++: error: unrecognized command line option '-V'
g++: fatal error: no input files
compilation terminated.
configure:4159: $? = 1
configure:4148: g++ -qversion >&5
g++: error: unrecognized command line option '-qversion'; did you mean '--version'?
g++: fatal error: no input files
compilation terminated.
configure:4159: $? = 1
configure:4179: checking whether the C++ compiler works
configure:4201: g++ -O3   conftest.cpp  >&5
configure:4205: $? = 0
configure:4255: result: yes
configure:4258: checking for C++ compiler default output file name
configure:4260: result: a.out
configure:4266: checking for suffix of executables
configure:4273: g++ -o conftest -O3   conftest.cpp  >&5
configure:4277: $? = 0
configure:4300: result: 
configure:4322: checking whether we are cross compiling
configure:4330: g++ -o conftest -O3   conftest.cpp  >&5
configure:4334: $? = 0
configure:4341: ./conftest
configure:4345: $? = 0
configure:4360: result: no
configure:4365: checking for suffix of object files
configure:4388: g++ -c -O3  conftest.cpp >&5
configure:4392: $? = 0
configure:4414: result: o
configure:4418: checking whether the compiler supports GNU C++
configure:4438: g++ -c -O3  conftest.cpp >&5
configure:4438: $? = 0
configure:4448: result: yes
configure:4459: checking whether g++ accepts -g
configure:4480: g++ -c -g  conftest.cpp >&5
configure:4480: $? = 0
configure:4524: result: yes
configure:4544: checking for g++ option to enable C++11 features
configure:4559: g++  -c -O3  conftest.cpp >&5
configure:4559: $? = 0
configure:4577: result: none needed
configure:4643: checking dependency style of g++
configure:4755: result: gcc3
configure:4921: checking whether g++ supports C++11 features by default
configure:5216: g++ -c -O3  conftest.cpp >&5
configure:5216: $? = 0
configure:5224: result: yes
configure:5648: checking for gcc
configure:5680: result: gcc
configure:6033: checking for C compiler version
configure:6042: gcc --version >&5
gcc (GCC) 9.2.0
Copyright (C) 2019 Free Software Foundation, Inc.
This is free software; see the source for copying conditions.  There is NO
warranty; not even for MERCHANTABILITY or FITNESS FOR A PARTICULAR PURPOSE.

configure:6053: $? = 0
configure:6042: gcc -v >&5
Using built-in specs.
COLLECT_GCC=gcc
COLLECT_LTO_WRAPPER=/u/apps/gcc/9.2.0/bin/../libexec/gcc/x86_64-pc-linux-gnu/9.2.0/lto-wrapper
Target: x86_64-pc-linux-gnu
Configured with: ../gcc-9.2.0/configure --prefix=/apps/gcc/9.2.0 --with-gmp=/apps/gmp --with-mpfr=/apps/mpfr --with-mpc=/apps/mpc --with-isl=/apps/isl/0.16 --enable-languages=c,c++,fortran
Thread model: posix
gcc version 9.2.0 (GCC) 
configure:6053: $? = 0
configure:6042: gcc -V >&5
gcc: error: unrecognized command line option '-V'
gcc: fatal error: no input files
compilation terminated.
configure:6053: $? = 1
configure:6042: gcc -qversion >&5
gcc: error: unrecognized command line option '-qversion'; did you mean '--version'?
gcc: fatal error: no input files
compilation terminated.
configure:6053: $? = 1
configure:6042: gcc -version >&5
gcc: error: unrecognized command line option '-version'
gcc: fatal error: no input files
compilation terminated.
configure:6053: $? = 1
configure:6057: checking whether the compiler supports GNU C
configure:6077: gcc -c   conftest.c >&5
configure:6077: $? = 0
configure:6087: result: yes
configure:6098: checking whether gcc accepts -g
configure:6119: gcc -c -g  conftest.c >&5
configure:6119: $? = 0
configure:6163: result: yes
configure:6183: checking for gcc option to enable C11 features
configure:6198: gcc  -c -g -O2  conftest.c >&5
configure:6198: $? = 0
configure:6216: result: none needed
configure:6332: checking whether gcc understands -c and -o together
configure:6355: gcc -c conftest.c -o conftest2.o
configure:6358: $? = 0
configure:6355: gcc -c conftest.c -o conftest2.o
configure:6358: $? = 0
configure:6370: result: yes
configure:6389: checking dependency style of gcc
configure:6501: result: gcc3
configure:6517: checking whether ln -s works
configure:6521: result: yes
configure:6560: checking build system type
configure:6575: result: x86_64-pc-linux-gnu
configure:6595: checking host system type
configure:6609: result: x86_64-pc-linux-gnu
configure:6650: checking how to print strings
configure:6677: result: printf
configure:6698: checking for a sed that does not truncate output
configure:6768: result: /usr/bin/sed
configure:6786: checking for grep that handles long lines and -e
configure:6850: result: /usr/bin/grep
configure:6855: checking for egrep
configure:6923: result: /usr/bin/grep -E
configure:6928: checking for fgrep
configure:6996: result: /usr/bin/grep -F
configure:7032: checking for ld used by gcc
configure:7100: result: /usr/bin/ld
configure:7107: checking if the linker (/usr/bin/ld) is GNU ld
configure:7123: result: yes
configure:7135: checking for BSD- or MS-compatible name lister (nm)
configure:7190: result: /usr/bin/nm -B
configure:7330: checking the name lister (/usr/bin/nm -B) interface
configure:7338: g++ -c -O3  conftest.cpp >&5
configure:7341: /usr/bin/nm -B "conftest.o"
configure:7344: output
0000000000000000 B some_variable
configure:7351: result: BSD nm
configure:7355: checking the maximum length of command line arguments
configure:7487: result: 1572864
configure:7535: checking how to convert x86_64-pc-linux-gnu file names to x86_64-pc-linux-gnu format
configure:7576: result: func_convert_file_noop
configure:7583: checking how to convert x86_64-pc-linux-gnu file names to toolchain format
configure:7604: result: func_convert_file_noop
configure:7611: checking for /usr/bin/ld option to reload object files
configure:7619: result: -r
configure:7698: checking for file
configure:7719: found /usr/bin/file
configure:7730: result: file
configure:7806: checking for objdump
configure:7827: found /usr/bin/objdump
configure:7838: result: objdump
configure:7870: checking how to recognize dependent libraries
configure:8071: result: pass_all
configure:8161: checking for dlltool
configure:8196: result: no
configure:8226: checking how to associate runtime and link libraries
configure:8254: result: printf %s\n
configure:8319: checking for ar
configure:8340: found /usr/bin/ar
configure:8351: result: ar
configure:8404: checking for archiver @FILE support
configure:8422: g++ -c -O3  conftest.cpp >&5
configure:8422: $? = 0
configure:8426: ar cr libconftest.a @conftest.lst >&5
configure:8429: $? = 0
configure:8434: ar cr libconftest.a @conftest.lst >&5
ar: conftest.o: No such file or directory
configure:8437: $? = 1
configure:8449: result: @
configure:8512: checking for strip
configure:8533: found /usr/bin/strip
configure:8544: result: strip
configure:8621: checking for ranlib
configure:8642: found /usr/bin/ranlib
configure:8653: result: ranlib
configure:8755: checking command to parse /usr/bin/nm -B output from gcc object
configure:8909: g++ -c -O3  conftest.cpp >&5
configure:8912: $? = 0
configure:8916: /usr/bin/nm -B conftest.o \| /usr/bin/sed -n -e 's/^.*[ ]\([ABCDGIRSTW][ABCDGIRSTW]*\)[ ][ ]*\([_A-Za-z][_A-Za-z0-9]*\)$/\1 \2 \2/p' | /usr/bin/sed '/ __gnu_lto/d' \> conftest.nm
configure:8919: $? = 0
configure:8985: g++ -o conftest -O3   conftest.cpp conftstm.o >&5
configure:8988: $? = 0
configure:9026: result: ok
configure:9073: checking for sysroot
configure:9104: result: no
configure:9111: checking for a working dd
configure:9155: result: /usr/bin/dd
configure:9159: checking how to truncate binary pipes
configure:9175: result: /usr/bin/dd bs=4096 count=1
configure:9313: g++ -c -O3  conftest.cpp >&5
configure:9316: $? = 0
configure:9513: checking for mt
configure:9548: result: no
configure:9568: checking if : is a manifest tool
configure:9575: : '-?'
configure:9583: result: no
configure:10308: checking for stdio.h
configure:10308: g++ -c -O3  conftest.cpp >&5
configure:10308: $? = 0
configure:10308: result: yes
configure:10308: checking for stdlib.h
configure:10308: g++ -c -O3  conftest.cpp >&5
configure:10308: $? = 0
configure:10308: result: yes
configure:10308: checking for string.h
configure:10308: g++ -c -O3  conftest.cpp >&5
configure:10308: $? = 0
configure:10308: result: yes
configure:10308: checking for inttypes.h
configure:10308: g++ -c -O3  conftest.cpp >&5
configure:10308: $? = 0
configure:10308: result: yes
configure:10308: checking for stdint.h
configure:10308: g++ -c -O3  conftest.cpp >&5
configure:10308: $? = 0
configure:10308: result: yes
configure:10308: checking for strings.h
configure:10308: g++ -c -O3  conftest.cpp >&5
configure:10308: $? = 0
configure:10308: result: yes
configure:10308: checking for sys/stat.h
configure:10308: g++ -c -O3  conftest.cpp >&5
configure:10308: $? = 0
configure:10308: result: yes
configure:10308: checking for sys/types.h
configure:10308: g++ -c -O3  conftest.cpp >&5
configure:10308: $? = 0
configure:10308: result: yes
configure:10308: checking for unistd.h
configure:10308: g++ -c -O3  conftest.cpp >&5
configure:10308: $? = 0
configure:10308: result: yes
configure:10333: checking for dlfcn.h
configure:10333: g++ -c -O3  conftest.cpp >&5
configure:10333: $? = 0
configure:10333: result: yes
configure:10602: checking for objdir
configure:10618: result: .libs
configure:10882: checking if gcc supports -fno-rtti -fno-exceptions
configure:10901: gcc -c -g -O2  -fno-rtti -fno-exceptions conftest.c >&5
cc1: warning: command line option '-fno-rtti' is valid for C++/D/ObjC++ but not for C
configure:10905: $? = 0
configure:10918: result: no
configure:11276: checking for gcc option to produce PIC
configure:11284: result: -fPIC -DPIC
configure:11292: checking if gcc PIC flag -fPIC -DPIC works
configure:11311: gcc -c -g -O2  -fPIC -DPIC -DPIC conftest.c >&5
configure:11315: $? = 0
configure:11328: result: yes
configure:11357: checking if gcc static flag -static works
configure:11386: result: no
configure:11401: checking if gcc supports -c -o file.o
configure:11423: gcc -c -g -O2  -o out/conftest2.o conftest.c >&5
configure:11427: $? = 0
configure:11449: result: yes
configure:11457: checking if gcc supports -c -o file.o
configure:11505: result: yes
configure:11538: checking whether the gcc linker (/usr/bin/ld -m elf_x86_64) supports shared libraries
configure:12806: result: yes
configure:12843: checking whether -lc should be explicitly linked in
configure:12852: gcc -c -g -O2  conftest.c >&5
configure:12855: $? = 0
configure:12870: gcc -shared  -fPIC -DPIC conftest.o  -v -Wl,-soname -Wl,conftest -o conftest 2\>\&1 \| /usr/bin/grep  -lc  \>/dev/null 2\>\&1
configure:12873: $? = 0
configure:12887: result: no
configure:13047: checking dynamic linker characteristics
configure:13629: gcc -o conftest -g -O2   -Wl,-rpath -Wl,/foo conftest.c  >&5
configure:13629: $? = 0
configure:13868: result: GNU/Linux ld.so
configure:13990: checking how to hardcode library paths into programs
configure:14015: result: immediate
configure:14567: checking whether stripping libraries is possible
configure:14576: result: yes
configure:14618: checking if libtool supports shared libraries
configure:14620: result: yes
configure:14623: checking whether to build shared libraries
configure:14648: result: yes
configure:14651: checking whether to build static libraries
configure:14655: result: yes
configure:14678: checking how to run the C++ preprocessor
configure:14700: g++ -E  conftest.cpp
configure:14700: $? = 0
configure:14715: g++ -E  conftest.cpp
conftest.cpp:26:10: fatal error: ac_nonexistent.h: No such file or directory
   26 | #include <ac_nonexistent.h>
      |          ^~~~~~~~~~~~~~~~~~
compilation terminated.
configure:14715: $? = 1
configure: failed program was:
| /* confdefs.h */
| #define PACKAGE_NAME "LHAPDF"
| #define PACKAGE_TARNAME "LHAPDF"
| #define PACKAGE_VERSION "6.5.4"
| #define PACKAGE_STRING "LHAPDF 6.5.4"
| #define PACKAGE_BUGREPORT "lhapdf-support@cern.ch"
| #define PACKAGE_URL ""
| #define PACKAGE "LHAPDF"
| #define VERSION "6.5.4"
| #define LHAPDF_VERSION "6.5.4"
| #define LHAPDF_VERSION_CODE 60504
| #define HAVE_CXX11 1
| #define HAVE_STDIO_H 1
| #define HAVE_STDLIB_H 1
| #define HAVE_STRING_H 1
| #define HAVE_INTTYPES_H 1
| #define HAVE_STDINT_H 1
| #define HAVE_STRINGS_H 1
| #define HAVE_SYS_STAT_H 1
| #define HAVE_SYS_TYPES_H 1
| #define HAVE_UNISTD_H 1
| #define STDC_HEADERS 1
| #define HAVE_DLFCN_H 1
| #define LT_OBJDIR ".libs/"
| /* end confdefs.h.  */
| #include <ac_nonexistent.h>
configure:14742: result: g++ -E
configure:14756: g++ -E  conftest.cpp
configure:14756: $? = 0
configure:14771: g++ -E  conftest.cpp
conftest.cpp:26:10: fatal error: ac_nonexistent.h: No such file or directory
   26 | #include <ac_nonexistent.h>
      |          ^~~~~~~~~~~~~~~~~~
compilation terminated.
configure:14771: $? = 1
configure: failed program was:
| /* confdefs.h */
| #define PACKAGE_NAME "LHAPDF"
| #define PACKAGE_TARNAME "LHAPDF"
| #define PACKAGE_VERSION "6.5.4"
| #define PACKAGE_STRING "LHAPDF 6.5.4"
| #define PACKAGE_BUGREPORT "lhapdf-support@cern.ch"
| #define PACKAGE_URL ""
| #define PACKAGE "LHAPDF"
| #define VERSION "6.5.4"
| #define LHAPDF_VERSION "6.5.4"
| #define LHAPDF_VERSION_CODE 60504
| #define HAVE_CXX11 1
| #define HAVE_STDIO_H 1
| #define HAVE_STDLIB_H 1
| #define HAVE_STRING_H 1
| #define HAVE_INTTYPES_H 1
| #define HAVE_STDINT_H 1
| #define HAVE_STRINGS_H 1
| #define HAVE_SYS_STAT_H 1
| #define HAVE_SYS_TYPES_H 1
| #define HAVE_UNISTD_H 1
| #define STDC_HEADERS 1
| #define HAVE_DLFCN_H 1
| #define LT_OBJDIR ".libs/"
| /* end confdefs.h.  */
| #include <ac_nonexistent.h>
configure:14936: checking for ld used by g++
configure:15004: result: /usr/bin/ld -m elf_x86_64
configure:15011: checking if the linker (/usr/bin/ld -m elf_x86_64) is GNU ld
configure:15027: result: yes
configure:15082: checking whether the g++ linker (/usr/bin/ld -m elf_x86_64) supports shared libraries
configure:16160: result: yes
configure:16196: g++ -c -O3  conftest.cpp >&5
configure:16199: $? = 0
configure:16680: checking for g++ option to produce PIC
configure:16688: result: -fPIC -DPIC
configure:16696: checking if g++ PIC flag -fPIC -DPIC works
configure:16715: g++ -c -O3  -fPIC -DPIC -DPIC conftest.cpp >&5
configure:16719: $? = 0
configure:16732: result: yes
configure:16755: checking if g++ static flag -static works
configure:16784: result: no
configure:16796: checking if g++ supports -c -o file.o
configure:16818: g++ -c -O3  -o out/conftest2.o conftest.cpp >&5
configure:16822: $? = 0
configure:16844: result: yes
configure:16849: checking if g++ supports -c -o file.o
configure:16897: result: yes
configure:16927: checking whether the g++ linker (/usr/bin/ld -m elf_x86_64) supports shared libraries
configure:16967: result: yes
configure:17109: checking dynamic linker characteristics
configure:17857: result: GNU/Linux ld.so
configure:17922: checking how to hardcode library paths into programs
configure:17947: result: immediate
configure:18028: building LHAGLUE Fortran wrappers
configure:18031: building LHAGLUE C++ wrappers
configure:18079: checking for doxygen
configure:18117: result: no
configure:18154: checking for python
configure:18177: found /usr/bin/python
configure:18189: result: /usr/bin/python
configure:18205: checking for a version of Python >= '2.1.0'
configure:18231: result: yes
configure:18239: checking for a version of Python >= '2.7.3'
configure:18266: result: yes
configure:18283: checking for the sysconfig Python package
configure:18287: result: yes
configure:18312: checking for Python include path
configure:18341: result: -I/usr/include/python2.7
configure:18348: checking for Python library path
configure:18423: result: -L/usr/lib64 -lpython2.7
configure:18430: checking for Python site-packages path
configure:18442: result: /usr/lib/python2.7/site-packages
configure:18449: checking for Python platform specific site-packages path
configure:18461: result: 
configure:18468: checking python extra libraries
configure:18475: result: -lpthread -ldl  -lutil -lm
configure:18482: checking python extra linking flags
configure:18489: result: -Xlinker -export-dynamic
configure:18496: checking consistency of all components of python development environment
configure:18524: gcc -o conftest -g -O2  -I/usr/include/python2.7  -Xlinker -export-dynamic conftest.c  -L/usr/lib64 -lpython2.7 -lpthread -ldl  -lutil -lm -lpthread -ldl  -lutil -lm >&5
configure:18524: $? = 0
configure:18543: result: yes
configure:18577: LHAPDF Python library to be installed to /u/home/thayward/clas12_analysis_software/LHAPDF/lib64/python2.7/site-packages
configure:18647: checking for python version
configure:18655: result: 2.7
configure:18660: checking for python platform
configure:18668: result: linux2
configure:18729: checking for GNU default python prefix
configure:18731: result: ${prefix}
configure:18797: checking for GNU default python exec_prefix
configure:18799: result: ${exec_prefix}
configure:18830: checking for python script directory (pythondir)
configure:18865: result: ${PYTHON_PREFIX}/lib/python2.7/site-packages
configure:18873: checking for python extension module directory (pyexecdir)
configure:18908: result: ${PYTHON_EXEC_PREFIX}/lib64/python2.7/site-packages
configure:18922: checking for Cython >= 0.24
Traceback (most recent call last):
  File "<string>", line 1, in <module>
ImportError: No module named Cython.Compiler.Version
configure:18957: result: no
configure:18999: checking if the g++ compiler accepts the -pedantic flag
configure:19015: result: yes
configure:19038: checking if the g++ compiler accepts the -Wall flag
configure:19054: result: yes
configure:19077: checking if the g++ compiler accepts the -Wno-long-long flag
configure:19093: result: yes
configure:19116: checking if the g++ compiler accepts the -Qunused-arguments flag
configure:19132: result: no
configure:19155: checking if the g++ compiler accepts the -Wshadow flag
configure:19171: result: yes
configure:19336: checking that generated files are newer than configure
configure:19342: result: done
configure:19397: creating ./config.status

## ---------------------- ##
## Running config.status. ##
## ---------------------- ##

This file was extended by LHAPDF config.status 6.5.4, which was
generated by GNU Autoconf 2.71.  Invocation command line was

  CONFIG_FILES    = 
  CONFIG_HEADERS  = 
  CONFIG_LINKS    = 
  CONFIG_COMMANDS = 
  $ ./config.status 

on ifarm1901.jlab.org

config.status:1207: creating Makefile
config.status:1207: creating src/Makefile
config.status:1207: creating src/yamlcpp/Makefile
config.status:1207: creating include/Makefile
config.status:1207: creating include/LHAPDF/Makefile
config.status:1207: creating bin/Makefile
config.status:1207: creating bin/lhapdf-config
config.status:1207: creating examples/Makefile
config.status:1207: creating tests/Makefile
config.status:1207: creating doc/Makefile
config.status:1207: creating doc/Doxyfile
config.status:1207: creating lhapdf.pc
config.status:1207: creating wrappers/Makefile
config.status:1207: creating wrappers/python/Makefile
config.status:1207: creating wrappers/python/build.py
config.status:1207: creating config/config.h
config.status:1207: creating include/LHAPDF/Version.h
config.status:1388: include/LHAPDF/Version.h is unchanged
config.status:1436: executing depfiles commands
config.status:1513: cd src       && sed -e '/# am--include-marker/d' Makefile         | make -f - am--depfiles
config.status:1518: $? = 0
config.status:1513: cd src/yamlcpp       && sed -e '/# am--include-marker/d' Makefile         | make -f - am--depfiles
config.status:1518: $? = 0
config.status:1513: cd examples       && sed -e '/# am--include-marker/d' Makefile         | make -f - am--depfiles
config.status:1518: $? = 0
config.status:1513: cd tests       && sed -e '/# am--include-marker/d' Makefile         | make -f - am--depfiles
config.status:1518: $? = 0
config.status:1436: executing libtool commands

## ---------------- ##
## Cache variables. ##
## ---------------- ##

ac_cv_build=x86_64-pc-linux-gnu
ac_cv_c_compiler_gnu=yes
ac_cv_cxx_compiler_gnu=yes
ac_cv_env_CCC_set=
ac_cv_env_CCC_value=
ac_cv_env_CC_set=set
ac_cv_env_CC_value=gcc
ac_cv_env_CFLAGS_set=
ac_cv_env_CFLAGS_value=
ac_cv_env_CPPFLAGS_set=
ac_cv_env_CPPFLAGS_value=
ac_cv_env_CXXCPP_set=
ac_cv_env_CXXCPP_value=
ac_cv_env_CXXFLAGS_set=
ac_cv_env_CXXFLAGS_value=
ac_cv_env_CXX_set=set
ac_cv_env_CXX_value=g++
ac_cv_env_LDFLAGS_set=
ac_cv_env_LDFLAGS_value=
ac_cv_env_LIBS_set=
ac_cv_env_LIBS_value=
ac_cv_env_LT_SYS_LIBRARY_PATH_set=
ac_cv_env_LT_SYS_LIBRARY_PATH_value=
ac_cv_env_MPICXX_set=
ac_cv_env_MPICXX_value=
ac_cv_env_PYTHON_VERSION_set=
ac_cv_env_PYTHON_VERSION_value=
ac_cv_env_PYTHON_set=
ac_cv_env_PYTHON_value=
ac_cv_env_build_alias_set=
ac_cv_env_build_alias_value=
ac_cv_env_host_alias_set=
ac_cv_env_host_alias_value=
ac_cv_env_target_alias_set=
ac_cv_env_target_alias_value=
ac_cv_header_dlfcn_h=yes
ac_cv_header_inttypes_h=yes
ac_cv_header_stdint_h=yes
ac_cv_header_stdio_h=yes
ac_cv_header_stdlib_h=yes
ac_cv_header_string_h=yes
ac_cv_header_strings_h=yes
ac_cv_header_sys_stat_h=yes
ac_cv_header_sys_types_h=yes
ac_cv_header_unistd_h=yes
ac_cv_host=x86_64-pc-linux-gnu
ac_cv_objext=o
ac_cv_path_EGREP='/usr/bin/grep -E'
ac_cv_path_FGREP='/usr/bin/grep -F'
ac_cv_path_GREP=/usr/bin/grep
ac_cv_path_PYTHON=/usr/bin/python
ac_cv_path_SED=/usr/bin/sed
ac_cv_path_install='/usr/bin/install -c'
ac_cv_path_lt_DD=/usr/bin/dd
ac_cv_path_mkdir=/usr/bin/mkdir
ac_cv_prog_AWK=gawk
ac_cv_prog_CXXCPP='g++ -E'
ac_cv_prog_ac_ct_AR=ar
ac_cv_prog_ac_ct_CC=gcc
ac_cv_prog_ac_ct_FILECMD=file
ac_cv_prog_ac_ct_OBJDUMP=objdump
ac_cv_prog_ac_ct_RANLIB=ranlib
ac_cv_prog_ac_ct_STRIP=strip
ac_cv_prog_cc_c11=
ac_cv_prog_cc_g=yes
ac_cv_prog_cc_stdc=
ac_cv_prog_cxx_11=no
ac_cv_prog_cxx_cxx11=
ac_cv_prog_cxx_g=yes
ac_cv_prog_cxx_stdcxx=
ac_cv_prog_make_make_set=yes
am_cv_CC_dependencies_compiler_type=gcc3
am_cv_CXX_dependencies_compiler_type=gcc3
am_cv_make_support_nested_variables=yes
am_cv_prog_cc_c_o=yes
am_cv_python_platform=linux2
am_cv_python_pyexecdir='${PYTHON_EXEC_PREFIX}/lib64/python2.7/site-packages'
am_cv_python_pythondir='${PYTHON_PREFIX}/lib/python2.7/site-packages'
am_cv_python_version=2.7
ax_cv_cxx_compile_cxx11=yes
lt_cv_ar_at_file=@
lt_cv_archive_cmds_need_lc=no
lt_cv_deplibs_check_method=pass_all
lt_cv_file_magic_cmd='$MAGIC_CMD'
lt_cv_file_magic_test_file=
lt_cv_ld_reload_flag=-r
lt_cv_nm_interface='BSD nm'
lt_cv_objdir=.libs
lt_cv_path_LD=/usr/bin/ld
lt_cv_path_LDCXX='/usr/bin/ld -m elf_x86_64'
lt_cv_path_NM='/usr/bin/nm -B'
lt_cv_path_mainfest_tool=no
lt_cv_prog_compiler_c_o=yes
lt_cv_prog_compiler_c_o_CXX=yes
lt_cv_prog_compiler_pic='-fPIC -DPIC'
lt_cv_prog_compiler_pic_CXX='-fPIC -DPIC'
lt_cv_prog_compiler_pic_works=yes
lt_cv_prog_compiler_pic_works_CXX=yes
lt_cv_prog_compiler_rtti_exceptions=no
lt_cv_prog_compiler_static_works=no
lt_cv_prog_compiler_static_works_CXX=no
lt_cv_prog_gnu_ld=yes
lt_cv_prog_gnu_ldcxx=yes
lt_cv_sharedlib_from_linklib_cmd='printf %s\n'
lt_cv_shlibpath_overrides_runpath=no
lt_cv_sys_global_symbol_pipe='/usr/bin/sed -n -e '\''s/^.*[	 ]\([ABCDGIRSTW][ABCDGIRSTW]*\)[	 ][	 ]*\([_A-Za-z][_A-Za-z0-9]*\)$/\1 \2 \2/p'\'' | /usr/bin/sed '\''/ __gnu_lto/d'\'''
lt_cv_sys_global_symbol_to_c_name_address='/usr/bin/sed -n -e '\''s/^: \(.*\) .*$/  {"\1", (void *) 0},/p'\'' -e '\''s/^[ABCDGIRSTW][ABCDGIRSTW]* .* \(.*\)$/  {"\1", (void *) \&\1},/p'\'''
lt_cv_sys_global_symbol_to_c_name_address_lib_prefix='/usr/bin/sed -n -e '\''s/^: \(.*\) .*$/  {"\1", (void *) 0},/p'\'' -e '\''s/^[ABCDGIRSTW][ABCDGIRSTW]* .* \(lib.*\)$/  {"\1", (void *) \&\1},/p'\'' -e '\''s/^[ABCDGIRSTW][ABCDGIRSTW]* .* \(.*\)$/  {"lib\1", (void *) \&\1},/p'\'''
lt_cv_sys_global_symbol_to_cdecl='/usr/bin/sed -n -e '\''s/^T .* \(.*\)$/extern int \1();/p'\'' -e '\''s/^[ABCDGIRSTW][ABCDGIRSTW]* .* \(.*\)$/extern char \1;/p'\'''
lt_cv_sys_global_symbol_to_import=
lt_cv_sys_max_cmd_len=1572864
lt_cv_to_host_file_cmd=func_convert_file_noop
lt_cv_to_tool_file_cmd=func_convert_file_noop
lt_cv_truncate_bin='/usr/bin/dd bs=4096 count=1'
py_cv_cython=no

## ----------------- ##
## Output variables. ##
## ----------------- ##

ACLOCAL='${SHELL} '\''/home/thayward/clas12_analysis_software/LHAPDF/LHAPDF-6.5.4/config/missing'\'' aclocal-1.16'
AMDEPBACKSLASH='\'
AMDEP_FALSE='#'
AMDEP_TRUE=''
AMTAR='$${TAR-tar}'
AM_BACKSLASH='\'
AM_CPPFLAGS=' -Wshadow '
AM_CXXFLAGS=' -pedantic  -Wall  -Wno-long-long '
AM_DEFAULT_V='$(AM_DEFAULT_VERBOSITY)'
AM_DEFAULT_VERBOSITY='0'
AM_LDFLAGS=''
AM_V='$(V)'
AR='ar'
AUTOCONF='${SHELL} '\''/home/thayward/clas12_analysis_software/LHAPDF/LHAPDF-6.5.4/config/missing'\'' autoconf'
AUTOHEADER='${SHELL} '\''/home/thayward/clas12_analysis_software/LHAPDF/LHAPDF-6.5.4/config/missing'\'' autoheader'
AUTOMAKE='${SHELL} '\''/home/thayward/clas12_analysis_software/LHAPDF/LHAPDF-6.5.4/config/missing'\'' automake-1.16'
AWK='gawk'
CC='gcc'
CCDEPMODE='depmode=gcc3'
CFLAGS='-g -O2'
CPPFLAGS=' -I/u/home/thayward/clas12_analysis_software/LHAPDF/include'
CSCOPE='cscope'
CTAGS='ctags'
CXX='g++'
CXXCPP='g++ -E'
CXXDEPMODE='depmode=gcc3'
CXXFLAGS='-O3'
CYGPATH_W='echo'
DEFS='-DHAVE_CONFIG_H'
DEPDIR='.deps'
DLLTOOL='false'
DOXYGEN=''
DSYMUTIL=''
DUMPBIN=''
ECHO_C=''
ECHO_N='-n'
ECHO_T=''
EGREP='/usr/bin/grep -E'
ENABLE_LHAGLUE_CXX_FALSE='#'
ENABLE_LHAGLUE_CXX_TRUE=''
ENABLE_LHAGLUE_FALSE='#'
ENABLE_LHAGLUE_TRUE=''
ETAGS='etags'
EXEEXT=''
FGREP='/usr/bin/grep -F'
FILECMD='file'
GREP='/usr/bin/grep'
HAVE_CXX11='1'
INSTALL_DATA='${INSTALL} -m 644'
INSTALL_PROGRAM='${INSTALL}'
INSTALL_SCRIPT='${INSTALL}'
INSTALL_STRIP_PROGRAM='$(install_sh) -c -s'
LD='/usr/bin/ld -m elf_x86_64'
LDFLAGS=' -L/u/home/thayward/clas12_analysis_software/LHAPDF/lib'
LHAPDF_CXX='g++'
LHAPDF_CXXFLAGS='-O3'
LIBOBJS=''
LIBS=''
LIBTOOL='$(SHELL) $(top_builddir)/libtool'
LIPO=''
LN_S='ln -s'
LTLIBOBJS=''
LT_SYS_LIBRARY_PATH=''
MAKEINFO='${SHELL} '\''/home/thayward/clas12_analysis_software/LHAPDF/LHAPDF-6.5.4/config/missing'\'' makeinfo'
MANIFEST_TOOL=':'
MKDIR_P='/usr/bin/mkdir -p'
MPICXX=''
NM='/usr/bin/nm -B'
NMEDIT=''
OBJDUMP='objdump'
OBJEXT='o'
OTOOL64=''
OTOOL=''
PACKAGE='LHAPDF'
PACKAGE_BUGREPORT='lhapdf-support@cern.ch'
PACKAGE_NAME='LHAPDF'
PACKAGE_STRING='LHAPDF 6.5.4'
PACKAGE_TARNAME='LHAPDF'
PACKAGE_URL=''
PACKAGE_VERSION='6.5.4'
PATH_SEPARATOR=':'
PYTHON='/usr/bin/python'
PYTHON_CPPFLAGS='-I/usr/include/python2.7'
PYTHON_EXEC_PREFIX='${exec_prefix}'
PYTHON_EXTRA_LDFLAGS='-Xlinker -export-dynamic'
PYTHON_EXTRA_LIBS='-lpthread -ldl  -lutil -lm'
PYTHON_FULL_VERSION='2.7.5'
PYTHON_LIBS='-L/usr/lib64 -lpython2.7'
PYTHON_MAJOR_VERSION='2'
PYTHON_PATH='/u/home/thayward/clas12_analysis_software/LHAPDF/lib64/python2.7/site-packages'
PYTHON_PLATFORM='linux2'
PYTHON_PLATFORM_SITE_PKG=''
PYTHON_PREFIX='${prefix}'
PYTHON_SITE_PKG='/usr/lib/python2.7/site-packages'
PYTHON_VERSION='2.7'
RANLIB='ranlib'
SED='/usr/bin/sed'
SET_MAKE=''
SHELL='/bin/sh'
STRIP='strip'
SWVERS=''
USING_MPI_FALSE=''
USING_MPI_TRUE='#'
VERSION='6.5.4'
WITH_CYTHON_FALSE=''
WITH_CYTHON_TRUE='#'
WITH_DOXYGEN_FALSE=''
WITH_DOXYGEN_TRUE='#'
WITH_OSX_FALSE=''
WITH_OSX_TRUE='#'
WITH_PYTHON_FALSE='#'
WITH_PYTHON_TRUE=''
ac_ct_AR='ar'
ac_ct_CC='gcc'
ac_ct_CXX=''
ac_ct_DUMPBIN=''
am__EXEEXT_FALSE=''
am__EXEEXT_TRUE='#'
am__fastdepCC_FALSE='#'
am__fastdepCC_TRUE=''
am__fastdepCXX_FALSE='#'
am__fastdepCXX_TRUE=''
am__include='include'
am__isrc=''
am__leading_dot='.'
am__nodep='_no'
am__quote=''
am__tar='$${TAR-tar} chof - "$$tardir"'
am__untar='$${TAR-tar} xf -'
bindir='${exec_prefix}/bin'
build='x86_64-pc-linux-gnu'
build_alias=''
build_cpu='x86_64'
build_os='linux-gnu'
build_vendor='pc'
datadir='${datarootdir}'
datarootdir='${prefix}/share'
docdir='${datarootdir}/doc/${PACKAGE_TARNAME}'
dvidir='${docdir}'
exec_prefix='${prefix}'
host='x86_64-pc-linux-gnu'
host_alias=''
host_cpu='x86_64'
host_os='linux-gnu'
host_vendor='pc'
htmldir='${docdir}'
includedir='${prefix}/include'
infodir='${datarootdir}/info'
install_sh='${SHELL} /home/thayward/clas12_analysis_software/LHAPDF/LHAPDF-6.5.4/config/install-sh'
libdir='${exec_prefix}/lib'
libexecdir='${exec_prefix}/libexec'
localedir='${datarootdir}/locale'
localstatedir='${prefix}/var'
mandir='${datarootdir}/man'
mkdir_p='$(MKDIR_P)'
oldincludedir='/usr/include'
pdfdir='${docdir}'
pkgpyexecdir='${pyexecdir}/LHAPDF'
pkgpythondir='${pythondir}/LHAPDF'
prefix='/u/home/thayward/clas12_analysis_software/LHAPDF'
program_transform_name='s,x,x,'
psdir='${docdir}'
pyexecdir='${PYTHON_EXEC_PREFIX}/lib64/python2.7/site-packages'
pythondir='${PYTHON_PREFIX}/lib/python2.7/site-packages'
runstatedir='${localstatedir}/run'
sbindir='${exec_prefix}/sbin'
sharedstatedir='${prefix}/com'
sysconfdir='${prefix}/etc'
target_alias=''

## ----------- ##
## confdefs.h. ##
## ----------- ##

/* confdefs.h */
#define PACKAGE_NAME "LHAPDF"
#define PACKAGE_TARNAME "LHAPDF"
#define PACKAGE_VERSION "6.5.4"
#define PACKAGE_STRING "LHAPDF 6.5.4"
#define PACKAGE_BUGREPORT "lhapdf-support@cern.ch"
#define PACKAGE_URL ""
#define PACKAGE "LHAPDF"
#define VERSION "6.5.4"
#define LHAPDF_VERSION "6.5.4"
#define LHAPDF_VERSION_CODE 60504
#define HAVE_CXX11 1
#define HAVE_STDIO_H 1
#define HAVE_STDLIB_H 1
#define HAVE_STRING_H 1
#define HAVE_INTTYPES_H 1
#define HAVE_STDINT_H 1
#define HAVE_STRINGS_H 1
#define HAVE_SYS_STAT_H 1
#define HAVE_SYS_TYPES_H 1
#define HAVE_UNISTD_H 1
#define STDC_HEADERS 1
#define HAVE_DLFCN_H 1
#define LT_OBJDIR ".libs/"
#define LHAPDF_PDFLIB 1
#define LHAPDF_LHA5CXX 1
#define HAVE_PYTHON "2.7"

configure: exit 0
